<?xml version="1.0" encoding="UTF-8"?>
<testsuite name="ru.stqa.pft.addressbook.tests.GroupDeleteTest" tests="1" skipped="0" failures="0" errors="0" timestamp="2018-04-19T20:20:57" hostname="MacBook-Pro-Denis.local" time="0.938">
  <properties/>
  <testcase name="testGroupDeletion" classname="ru.stqa.pft.addressbook.tests.GroupDeleteTest" time="0.938"/>
  <system-out><![CDATA[]]></system-out>
  <system-err><![CDATA[]]></system-err>
</testsuite>
